<?xml version="1.0" encoding="UTF-8"?>
<testng-results ignored="0" total="1" passed="1" failed="0" skipped="0">
  <reporter-output>
  </reporter-output>
  <suite started-at="2021-03-13T23:45:43 TRT" name="Default suite" finished-at="2021-03-13T23:46:27 TRT" duration-ms="43280">
    <groups>
    </groups>
    <test started-at="2021-03-13T23:45:43 TRT" name="Default test" finished-at="2021-03-13T23:46:27 TRT" duration-ms="43280">
      <class name="gittigidiyorCase.gittigidiyorTestCase">
        <test-method signature="f()[pri:0, instance:gittigidiyorCase.gittigidiyorTestCase@79da8dc5]" started-at="2021-03-13T23:45:43 TRT" name="f" finished-at="2021-03-13T23:46:27 TRT" duration-ms="43234" status="PASS">
          <reporter-output>
          </reporter-output>
        </test-method> <!-- f -->
      </class> <!-- gittigidiyorCase.gittigidiyorTestCase -->
    </test> <!-- Default test -->
  </suite> <!-- Default suite -->
</testng-results>
